<testsuites name="jest tests" tests="38" failures="0" time="5.637">
  <testsuite name="Aside" errors="0" failures="0" skipped="0" timestamp="2018-12-11T08:35:23" time="1.768" tests="3">
    <testcase classname="Aside DisplayName" name="Aside DisplayName" time="0.006">
    </testcase>
    <testcase classname="Aside props: className = xxx" name="Aside props: className = xxx" time="0.018">
    </testcase>
    <testcase classname="Aside props: style = {color: &apos;red&apos;}" name="Aside props: style = {color: &apos;red&apos;}" time="0.002">
    </testcase>
  </testsuite>
  <testsuite name="Footer" errors="0" failures="0" skipped="0" timestamp="2018-12-11T08:35:23" time="1.733" tests="3">
    <testcase classname="Footer DisplayName" name="Footer DisplayName" time="0.006">
    </testcase>
    <testcase classname="Footer props: className = xxx" name="Footer props: className = xxx" time="0.012">
    </testcase>
    <testcase classname="Footer props: style = {color: &apos;red&apos;}" name="Footer props: style = {color: &apos;red&apos;}" time="0.001">
    </testcase>
  </testsuite>
  <testsuite name="Main" errors="0" failures="0" skipped="0" timestamp="2018-12-11T08:35:23" time="1.762" tests="3">
    <testcase classname="Main DisplayName" name="Main DisplayName" time="0.006">
    </testcase>
    <testcase classname="Main props: className = xxx" name="Main props: className = xxx" time="0.016">
    </testcase>
    <testcase classname="Main props: style = {color: &apos;red&apos;}" name="Main props: style = {color: &apos;red&apos;}" time="0.003">
    </testcase>
  </testsuite>
  <testsuite name="Col" errors="0" failures="0" skipped="0" timestamp="2018-12-11T08:35:25" time="0.401" tests="6">
    <testcase classname="Col DisplayName" name="Col DisplayName" time="0.004">
    </testcase>
    <testcase classname="Col className  = xxx" name="Col className  = xxx" time="0.005">
    </testcase>
    <testcase classname="Col style  = {color: &apos;red&apos;}" name="Col style  = {color: &apos;red&apos;}" time="0.002">
    </testcase>
    <testcase classname="Col span  = 2" name="Col span  = 2" time="0.001">
    </testcase>
    <testcase classname="Col offset  = 1" name="Col offset  = 1" time="0.001">
    </testcase>
    <testcase classname="Col gutter = 16" name="Col gutter = 16" time="0.002">
    </testcase>
  </testsuite>
  <testsuite name="Row" errors="0" failures="0" skipped="0" timestamp="2018-12-11T08:35:25" time="0.425" tests="10">
    <testcase classname="Row DisplayName" name="Row DisplayName" time="0.003">
    </testcase>
    <testcase classname="Row className  = xxx" name="Row className  = xxx" time="0.004">
    </testcase>
    <testcase classname="Row style  = {color: &apos;red&apos;}" name="Row style  = {color: &apos;red&apos;}" time="0.002">
    </testcase>
    <testcase classname="Row gutter  = 16" name="Row gutter  = 16" time="0.001">
    </testcase>
    <testcase classname="Row align  = right" name="Row align  = right" time="0.006">
    </testcase>
    <testcase classname="Row align  = center" name="Row align  = center" time="0.002">
    </testcase>
    <testcase classname="Row align  = spaceBetween" name="Row align  = spaceBetween" time="0.001">
    </testcase>
    <testcase classname="Row align  = spaceAround" name="Row align  = spaceAround" time="0.001">
    </testcase>
    <testcase classname="Row verticalAlign = center" name="Row verticalAlign = center" time="0.003">
    </testcase>
    <testcase classname="Row verticalAlign = bottom" name="Row verticalAlign = bottom" time="0.002">
    </testcase>
  </testsuite>
  <testsuite name="Layout" errors="0" failures="0" skipped="0" timestamp="2018-12-11T08:35:25" time="0.442" tests="2">
    <testcase classname="Layout combines Main/Header/Footer/Aside" name="Layout combines Main/Header/Footer/Aside" time="0.011">
    </testcase>
    <testcase classname="Layout combines Main/Header/Footer/Aside in another way" name="Layout combines Main/Header/Footer/Aside in another way" time="0.001">
    </testcase>
  </testsuite>
  <testsuite name="classes" errors="0" failures="0" skipped="0" timestamp="2018-12-11T08:35:25" time="0.205" tests="3">
    <testcase classname="classes is a function" name="classes is a function" time="0.002">
    </testcase>
    <testcase classname="classes generate class names" name="classes generate class names" time="0.004">
    </testcase>
    <testcase classname="classes generate scoped class names" name="classes generate scoped class names" time="0.003">
    </testcase>
  </testsuite>
  <testsuite name="Layout" errors="0" failures="0" skipped="0" timestamp="2018-12-11T08:35:25" time="0.366" tests="5">
    <testcase classname="Layout DisplayName" name="Layout DisplayName" time="0.003">
    </testcase>
    <testcase classname="Layout props: dir default = vertical" name="Layout props: dir default = vertical" time="0.002">
    </testcase>
    <testcase classname="Layout props: dir = horizontal" name="Layout props: dir = horizontal" time="0.001">
    </testcase>
    <testcase classname="Layout props: className = xxx" name="Layout props: className = xxx" time="0.001">
    </testcase>
    <testcase classname="Layout props: style = {color: &apos;red&apos;}" name="Layout props: style = {color: &apos;red&apos;}" time="0.001">
    </testcase>
  </testsuite>
  <testsuite name="Header" errors="0" failures="0" skipped="0" timestamp="2018-12-11T08:35:25" time="0.339" tests="3">
    <testcase classname="Header DisplayName" name="Header DisplayName" time="0.003">
    </testcase>
    <testcase classname="Header props: className = xxx" name="Header props: className = xxx" time="0.001">
    </testcase>
    <testcase classname="Header props: style = {color: &apos;red&apos;}" name="Header props: style = {color: &apos;red&apos;}" time="0.003">
    </testcase>
  </testsuite>
</testsuites>